0 info it worked if it ends with ok
1 verbose cli [ '/usr/local/bin/node', '/usr/local/bin/npm', 'publish' ]
2 info using npm@3.4.1
3 info using node@v4.2.2
4 verbose publish [ '.' ]
5 silly cache add args [ '.', null ]
6 verbose cache add spec .
7 silly cache add parsed spec Result {
7 silly cache add   raw: '.',
7 silly cache add   scope: null,
7 silly cache add   name: null,
7 silly cache add   rawSpec: '.',
7 silly cache add   spec: '/Users/Arjan/GitHub/bricks',
7 silly cache add   type: 'directory' }
8 verbose addLocalDirectory /Users/Arjan/.npm/bricks/0.0.1/package.tgz not in flight; packing
9 info lifecycle bricks@0.0.1~prepublish: bricks@0.0.1
10 silly lifecycle bricks@0.0.1~prepublish: no script for prepublish, continuing
11 verbose tar pack [ '/Users/Arjan/.npm/bricks/0.0.1/package.tgz',
11 verbose tar pack   '/Users/Arjan/GitHub/bricks' ]
12 verbose tarball /Users/Arjan/.npm/bricks/0.0.1/package.tgz
13 verbose folder /Users/Arjan/GitHub/bricks
14 verbose addLocalTarball adding from inside cache /Users/Arjan/.npm/bricks/0.0.1/package.tgz
15 silly cache afterAdd bricks@0.0.1
16 verbose afterAdd /Users/Arjan/.npm/bricks/0.0.1/package/package.json not in flight; writing
17 verbose afterAdd /Users/Arjan/.npm/bricks/0.0.1/package/package.json written
18 silly publish { name: 'bricks',
18 silly publish   version: '0.0.1',
18 silly publish   description: 'A responsive, justified image layout plugin written in JavaScript, and inspired by Google Images.',
18 silly publish   main: './lib/bricks.js',
18 silly publish   scripts: { test: 'echo "Error: no test specified" && exit 1' },
18 silly publish   author: { name: 'ArjanJ', email: 'hello@arjanjassal.com' },
18 silly publish   license: 'MIT',
18 silly publish   devDependencies:
18 silly publish    { abby: '^1.0.1',
18 silly publish      autoprefixer: '^6.3.1',
18 silly publish      'babel-core': '^6.4.5',
18 silly publish      'babel-preset-es2015': '^6.3.13',
18 silly publish      babelify: '^7.2.0',
18 silly publish      'browser-sync': '^2.11.1',
18 silly publish      browserify: '^13.0.0',
18 silly publish      gulp: '^3.9.0',
18 silly publish      'gulp-babel': '^6.1.2',
18 silly publish      'gulp-cssnano': '^2.1.0',
18 silly publish      'gulp-eslint': '^1.1.1',
18 silly publish      'gulp-postcss': '^6.0.1',
18 silly publish      'gulp-rename': '^1.2.2',
18 silly publish      'gulp-sass': '^2.1.1',
18 silly publish      'gulp-sourcemaps': '^1.6.0',
18 silly publish      'gulp-uglify': '^1.5.1',
18 silly publish      imagesloaded: '^4.1.0',
18 silly publish      'vinyl-buffer': '^1.0.0',
18 silly publish      'vinyl-source-stream': '^1.1.0' },
18 silly publish   readme: '# Bricks\nA responsive, justified image layout plugin written in JavaScript, and inspired by Google Images.',
18 silly publish   readmeFilename: 'README.md',
18 silly publish   gitHead: '45f37cf42020b2c3a8a4d7a216fb3f1cc16382c3',
18 silly publish   _id: 'bricks@0.0.1',
18 silly publish   _shasum: '67cd4fb86eefc7bf46ae79f4fc467868854e705d',
18 silly publish   _from: '.' }
19 verbose getPublishConfig undefined
20 silly mapToRegistry name bricks
21 silly mapToRegistry using default registry
22 silly mapToRegistry registry https://registry.npmjs.org/
23 silly mapToRegistry uri https://registry.npmjs.org/bricks
24 verbose publish registryBase https://registry.npmjs.org/
25 silly publish uploading /Users/Arjan/.npm/bricks/0.0.1/package.tgz
26 verbose request uri https://registry.npmjs.org/bricks
27 verbose request sending authorization for write operation
28 info attempt registry request try #1 at 8:00:50 PM
29 verbose request using bearer token for auth
30 verbose request id d2f57462a1085be3
31 http request PUT https://registry.npmjs.org/bricks
32 http 403 https://registry.npmjs.org/bricks
33 verbose headers { 'content-type': 'application/json',
33 verbose headers   'cache-control': 'max-age=300',
33 verbose headers   'content-length': '98',
33 verbose headers   'accept-ranges': 'bytes',
33 verbose headers   date: 'Thu, 18 Feb 2016 04:00:51 GMT',
33 verbose headers   via: '1.1 varnish',
33 verbose headers   connection: 'keep-alive',
33 verbose headers   'x-served-by': 'cache-lax1422-LAX',
33 verbose headers   'x-cache': 'MISS',
33 verbose headers   'x-cache-hits': '0',
33 verbose headers   'x-timer': 'S1455768051.663893,VS0,VE218' }
34 verbose request invalidating /Users/Arjan/.npm/registry.npmjs.org/bricks on PUT
35 error publish Failed PUT 403
36 verbose stack Error: You do not have permission to publish 'bricks'. Are you logged in as the correct user? : bricks
36 verbose stack     at makeError (/usr/local/lib/node_modules/npm/node_modules/npm-registry-client/lib/request.js:264:12)
36 verbose stack     at CachingRegistryClient.<anonymous> (/usr/local/lib/node_modules/npm/node_modules/npm-registry-client/lib/request.js:252:14)
36 verbose stack     at Request._callback (/usr/local/lib/node_modules/npm/node_modules/npm-registry-client/lib/request.js:172:14)
36 verbose stack     at Request.self.callback (/usr/local/lib/node_modules/npm/node_modules/request/request.js:198:22)
36 verbose stack     at emitTwo (events.js:87:13)
36 verbose stack     at Request.emit (events.js:172:7)
36 verbose stack     at Request.<anonymous> (/usr/local/lib/node_modules/npm/node_modules/request/request.js:1082:10)
36 verbose stack     at emitOne (events.js:82:20)
36 verbose stack     at Request.emit (events.js:169:7)
36 verbose stack     at IncomingMessage.<anonymous> (/usr/local/lib/node_modules/npm/node_modules/request/request.js:1009:12)
37 verbose statusCode 403
38 verbose pkgid bricks
39 verbose cwd /Users/Arjan/GitHub/bricks
40 error Darwin 15.3.0
41 error argv "/usr/local/bin/node" "/usr/local/bin/npm" "publish"
42 error node v4.2.2
43 error npm  v3.4.1
44 error code E403
45 error You do not have permission to publish 'bricks'. Are you logged in as the correct user? : bricks
46 error If you need help, you may report this error at:
46 error     <https://github.com/npm/npm/issues>
47 verbose exit [ 1, true ]
